<?xml version="1.0" encoding="UTF-8"?>
<!-- Generated by org.testng.reporters.JUnitReportReporter -->
<testsuite hostname="DESKTOP-J34NSB2" failures="0" tests="1" name="driverClass.driver" time="1.457" errors="0" timestamp="2021-02-12T14:58:33 IST" skipped="0">
  <testcase classname="driverClass.driver" name="initiate_driver" time="1.457"/>
  <system-out/>
</testsuite> <!-- driverClass.driver -->
